Final.obj : error LNK2019: unresolved external symbol glfwInit referenced in function main
Final.obj : error LNK2019: unresolved external symbol glfwTerminate referenced in function main
Final.obj : error LNK2019: unresolved external symbol glfwGetPrimaryMonitor referenced in function "void __cdecl getResolution(void)" (?getResolution@@YAXXZ)
Final.obj : error LNK2019: unresolved external symbol glfwGetVideoMode referenced in function "void __cdecl getResolution(void)" (?getResolution@@YAXXZ)
Final.obj : error LNK2019: unresolved external symbol glfwCreateWindow referenced in function main
Final.obj : error LNK2019: unresolved external symbol glfwWindowShouldClose referenced in function main
Final.obj : error LNK2019: unresolved external symbol glfwSetWindowShouldClose referenced in function "void __cdecl my_input(struct GLFWwindow *,int,int,int,int)" (?my_input@@YAXPEAUGLFWwindow@@HHHH@Z)
Final.obj : error LNK2019: unresolved external symbol glfwSetWindowPos referenced in function main
Final.obj : error LNK2019: unresolved external symbol glfwSetFramebufferSizeCallback referenced in function main
Final.obj : error LNK2019: unresolved external symbol glfwPollEvents referenced in function main
Final.obj : error LNK2019: unresolved external symbol glfwSetInputMode referenced in function main
Final.obj : error LNK2019: unresolved external symbol glfwGetKey referenced in function "void __cdecl my_input(struct GLFWwindow *,int,int,int,int)" (?my_input@@YAXPEAUGLFWwindow@@HHHH@Z)
Final.obj : error LNK2019: unresolved external symbol glfwSetKeyCallback referenced in function main
Final.obj : error LNK2019: unresolved external symbol glfwSetCursorPosCallback referenced in function main
Final.obj : error LNK2019: unresolved external symbol glfwSetScrollCallback referenced in function main
Final.obj : error LNK2019: unresolved external symbol glfwMakeContextCurrent referenced in function main
Final.obj : error LNK2019: unresolved external symbol glfwSwapBuffers referenced in function main
Final.obj : error LNK2019: unresolved external symbol glfwGetProcAddress referenced in function main
Final.obj : error LNK2019: unresolved external symbol SDL_GetTicks referenced in function main
Final.obj : error LNK2019: unresolved external symbol SDL_Delay referenced in function main
Final.obj : error LNK2019: unresolved external symbol "public: __cdecl Assimp::Importer::Importer(void)" (??0Importer@Assimp@@QEAA@XZ) referenced in function "private: void __cdecl Model::loadModel(class std::basic_string<char,struct std::char_traits<char>,class std::allocator<char> > const &)" (?loadModel@Model@@AEAAXAEBV?$basic_string@DU?$char_traits@D@std@@V?$allocator@D@2@@std@@@Z)
Final.obj : error LNK2019: unresolved external symbol "public: __cdecl Assimp::Importer::~Importer(void)" (??1Importer@Assimp@@QEAA@XZ) referenced in function "private: void __cdecl Model::loadModel(class std::basic_string<char,struct std::char_traits<char>,class std::allocator<char> > const &)" (?loadModel@Model@@AEAAXAEBV?$basic_string@DU?$char_traits@D@std@@V?$allocator@D@2@@std@@@Z)
Final.obj : error LNK2019: unresolved external symbol "public: struct aiScene const * __cdecl Assimp::Importer::ReadFile(char const *,unsigned int)" (?ReadFile@Importer@Assimp@@QEAAPEBUaiScene@@PEBDI@Z) referenced in function "public: struct aiScene const * __cdecl Assimp::Importer::ReadFile(class std::basic_string<char,struct std::char_traits<char>,class std::allocator<char> > const &,unsigned int)" (?ReadFile@Importer@Assimp@@QEAAPEBUaiScene@@AEBV?$basic_string@DU?$char_traits@D@std@@V?$allocator@D@2@@std@@I@Z)
Final.obj : error LNK2019: unresolved external symbol "public: char const * __cdecl Assimp::Importer::GetErrorString(void)const " (?GetErrorString@Importer@Assimp@@QEBAPEBDXZ) referenced in function "private: void __cdecl Model::loadModel(class std::basic_string<char,struct std::char_traits<char>,class std::allocator<char> > const &)" (?loadModel@Model@@AEAAXAEBV?$basic_string@DU?$char_traits@D@std@@V?$allocator@D@2@@std@@@Z)
Final.obj : error LNK2019: unresolved external symbol aiGetMaterialTextureCount referenced in function "public: unsigned int __cdecl aiMaterial::GetTextureCount(enum aiTextureType)const " (?GetTextureCount@aiMaterial@@QEBAIW4aiTextureType@@@Z)
Final.obj : error LNK2019: unresolved external symbol aiGetMaterialTexture referenced in function "public: enum aiReturn __cdecl aiMaterial::GetTexture(enum aiTextureType,unsigned int,struct aiString *,enum aiTextureMapping *,unsigned int *,float *,enum aiTextureOp *,enum aiTextureMapMode *)const " (?GetTexture@aiMaterial@@QEBA?AW4aiReturn@@W4aiTextureType@@IPEAUaiString@@PEAW4aiTextureMapping@@PEAIPEAMPEAW4aiTextureOp@@PEAW4aiTextureMapMode@@@Z)
lib\SDL2.lib : warning LNK4272: library machine type 'x86' conflicts with target machine type 'x64'
lib\SDL2main.lib : warning LNK4272: library machine type 'x86' conflicts with target machine type 'x64'
lib\assimp-vc141-mtd.lib : warning LNK4272: library machine type 'x86' conflicts with target machine type 'x64'
lib\glfw3.lib : warning LNK4272: library machine type 'x86' conflicts with target machine type 'x64'
lib\glew32.lib : warning LNK4272: library machine type 'x86' conflicts with target machine type 'x64'
C:\Users\danye\Documents\Escuela\CGeIHC\Extraordinario\x64\Debug\Extraordinario.exe : fatal error LNK1120: 26 unresolved externals
